<?xml version="1.0" encoding="UTF-8"?>
<!-- Generated by org.testng.reporters.JUnitReportReporter -->
<testsuite hostname="Rafa" failures="0" tests="1" name="pages.NewUserRegistrationTest" time="101.872" errors="0" timestamp="2023-12-11T02:24:20 EST" skipped="0">
  <testcase classname="pages.NewUserRegistrationTest" name="newUserRegistrationTest" time="101.872">
    <system-out>
      <![CDATA[Sleeping ... zZz 4<br>
[[ChromeDriver: chrome on windows (6c9aef502b842c65965a2da5e2a0f60d)] -> xpath: //a[contains(text(), 'New')]]<---------> is Enable<br>
[[ChromeDriver: chrome on windows (6c9aef502b842c65965a2da5e2a0f60d)] -> xpath: //a[contains(text(), 'New')]] ---> Actual text : New User Registration. Expected text : New User Registration<br>
Proxy element for: DefaultElementLocator 'By.xpath: //a[contains(text(), 'New')]'<---------> has been clicked<br>
Sleeping ... zZz 5<br>
Current URL is : https://portal.cms.gov/portal/newuserregistration<br>
Actual Title is : CMS Enterprise Portal - New User Registration ---> And Expected Title is :CMS Enterprise Portal - New User Registration<br>
[[ChromeDriver: chrome on windows (6c9aef502b842c65965a2da5e2a0f60d)] -> xpath: //p[contains(text(), ' Step #')]] ---> Actual Header : Step #1: Select Your Application. Expected Header : Step #1: Select Your Application<br>
[[ChromeDriver: chrome on windows (6c9aef502b842c65965a2da5e2a0f60d)] -> xpath: //p[contains(text(), ' Step 1 of 3')]] ---> Actual Sub Header : Step 1 of 3 - Select your application from the dropdown. You will then need to agree to the terms & conditions.. Expected SubHeader : Step 1 of 3 - Select your application from the dropdown. You will then need to agree to the terms & conditions.<br>
[[ChromeDriver: chrome on windows (6c9aef502b842c65965a2da5e2a0f60d)] -> xpath: //div[@class='ng-input']]<---------> has been clicked<br>
Sleeping ... zZz 3<br>
BCRS Web <-----> has been put into <-----> Proxy element for: DefaultElementLocator 'By.id: textSearch' and then cliked by Enter Key<br>
Sleeping ... zZz 3<br>
[[ChromeDriver: chrome on windows (6c9aef502b842c65965a2da5e2a0f60d)] -> id: cms-tos-reg]<---------> has been clicked<br>
Sleeping ... zZz 3<br>
[[ChromeDriver: chrome on windows (6c9aef502b842c65965a2da5e2a0f60d)] -> name: termsAndCondNext]<---------> is Enable<br>
[[ChromeDriver: chrome on windows (6c9aef502b842c65965a2da5e2a0f60d)] -> name: termsAndCondNext] ---> Actual text : Next. Expected text : Next<br>
[[ChromeDriver: chrome on windows (6c9aef502b842c65965a2da5e2a0f60d)] -> name: termsAndCondNext]<---------> has been clicked<br>
Sleeping ... zZz 5<br>
Current URL is : https://portal.cms.gov/portal/newuserregistration<br>
Actual Title is : CMS Enterprise Portal - New User Registration ---> And Expected Title is :CMS Enterprise Portal - New User Registration<br>
[[ChromeDriver: chrome on windows (6c9aef502b842c65965a2da5e2a0f60d)] -> id: cms-register-information] ---> Actual Header : Step #2: Register Your Information. Expected Header : Step #2: Register Your Information<br>
[[ChromeDriver: chrome on windows (6c9aef502b842c65965a2da5e2a0f60d)] -> xpath: //p[contains(text(), ' Step 2 of 3')]] ---> Actual Sub Header : Step 2 of 3 - Please enter your personal and contact information.. Expected SubHeader : Step 2 of 3 - Please enter your personal and contact information.<br>
Mohammad <-----> has been put into <-----> [[ChromeDriver: chrome on windows (6c9aef502b842c65965a2da5e2a0f60d)] -> id: cms-newuser-firstName]<br>
Tofael Kabir <-----> has been put into <-----> [[ChromeDriver: chrome on windows (6c9aef502b842c65965a2da5e2a0f60d)] -> id: cms-newuser-middleName]<br>
Sharkar <-----> has been put into <-----> [[ChromeDriver: chrome on windows (6c9aef502b842c65965a2da5e2a0f60d)] -> id: cms-newuser-lastName]<br>
Sleeping ... zZz 5<br>
SR has been selected from the dropdown of ---> [[ChromeDriver: chrome on windows (6c9aef502b842c65965a2da5e2a0f60d)] -> id: cms-newuser-nameSuffix]<br>
December has been selected from the dropdown of ---> [[ChromeDriver: chrome on windows (6c9aef502b842c65965a2da5e2a0f60d)] -> id: cms-newuser-birthMonth]<br>
31 has been selected from the dropdown of ---> [[ChromeDriver: chrome on windows (6c9aef502b842c65965a2da5e2a0f60d)] -> id: cms-newuser-birthDate]<br>
1990 has been selected from the dropdown of ---> [[ChromeDriver: chrome on windows (6c9aef502b842c65965a2da5e2a0f60d)] -> id: cms-newuser-birthYear]<br>
Sleeping ... zZz 5<br>
[[ChromeDriver: chrome on windows (6c9aef502b842c65965a2da5e2a0f60d)] -> xpath: //label[@class='check-radio']//parent::li[@class='cms-radio-item2']]<---------> has been clicked<br>
Sleeping ... zZz 5<br>
[[ChromeDriver: chrome on windows (6c9aef502b842c65965a2da5e2a0f60d)] -> xpath: //label[@class='check-radio']//parent::li[@class='cms-radio-item']]<---------> has been clicked<br>
Javascript Executor executing to view ...arguments[0].scrollIntoView(true); on the element of ---> [[ChromeDriver: chrome on windows (6c9aef502b842c65965a2da5e2a0f60d)] -> id: cms-newuser-homeAddressLine1]<br>
61E 97th St <-----> has been put into <-----> [[ChromeDriver: chrome on windows (6c9aef502b842c65965a2da5e2a0f60d)] -> id: cms-newuser-homeAddressLine1]<br>
Apt 4A <-----> has been put into <-----> [[ChromeDriver: chrome on windows (6c9aef502b842c65965a2da5e2a0f60d)] -> id: cms-newuser-usAddress2]<br>
New York <-----> has been put into <-----> [[ChromeDriver: chrome on windows (6c9aef502b842c65965a2da5e2a0f60d)] -> id: cms-newuser-usCity]<br>
New York has been selected from the dropdown of ---> [[ChromeDriver: chrome on windows (6c9aef502b842c65965a2da5e2a0f60d)] -> id: cms-newuser-usState]<br>
10029 <-----> has been put into <-----> [[ChromeDriver: chrome on windows (6c9aef502b842c65965a2da5e2a0f60d)] -> name: cms-newuser-zipcode]<br>
2123 <-----> has been put into <-----> [[ChromeDriver: chrome on windows (6c9aef502b842c65965a2da5e2a0f60d)] -> id: cms-newuser-usZipcodeExt]<br>
mtks483@gmail.com <-----> has been put into <-----> [[ChromeDriver: chrome on windows (6c9aef502b842c65965a2da5e2a0f60d)] -> id: cms-newuser-usEmail]<br>
mtks483@gmail.com <-----> has been put into <-----> [[ChromeDriver: chrome on windows (6c9aef502b842c65965a2da5e2a0f60d)] -> id: cms-newuser-usConfirmEmail]<br>
9293016028 <-----> has been put into <-----> [[ChromeDriver: chrome on windows (6c9aef502b842c65965a2da5e2a0f60d)] -> id: cms-newuser-usPhoneNumber]<br>
Sleeping ... zZz 5<br>
[[ChromeDriver: chrome on windows (6c9aef502b842c65965a2da5e2a0f60d)] -> id: step2NextButton]<---------> has been clicked<br>
Sleeping ... zZz 5<br>]]>
    </system-out>
  </testcase> <!-- newUserRegistrationTest -->
  <system-out>
    <![CDATA[Sleeping ... zZz 4<br>
[[ChromeDriver: chrome on windows (6c9aef502b842c65965a2da5e2a0f60d)] -> xpath: //a[contains(text(), 'New')]]<---------> is Enable<br>
[[ChromeDriver: chrome on windows (6c9aef502b842c65965a2da5e2a0f60d)] -> xpath: //a[contains(text(), 'New')]] ---> Actual text : New User Registration. Expected text : New User Registration<br>
Proxy element for: DefaultElementLocator 'By.xpath: //a[contains(text(), 'New')]'<---------> has been clicked<br>
Sleeping ... zZz 5<br>
Current URL is : https://portal.cms.gov/portal/newuserregistration<br>
Actual Title is : CMS Enterprise Portal - New User Registration ---> And Expected Title is :CMS Enterprise Portal - New User Registration<br>
[[ChromeDriver: chrome on windows (6c9aef502b842c65965a2da5e2a0f60d)] -> xpath: //p[contains(text(), ' Step #')]] ---> Actual Header : Step #1: Select Your Application. Expected Header : Step #1: Select Your Application<br>
[[ChromeDriver: chrome on windows (6c9aef502b842c65965a2da5e2a0f60d)] -> xpath: //p[contains(text(), ' Step 1 of 3')]] ---> Actual Sub Header : Step 1 of 3 - Select your application from the dropdown. You will then need to agree to the terms & conditions.. Expected SubHeader : Step 1 of 3 - Select your application from the dropdown. You will then need to agree to the terms & conditions.<br>
[[ChromeDriver: chrome on windows (6c9aef502b842c65965a2da5e2a0f60d)] -> xpath: //div[@class='ng-input']]<---------> has been clicked<br>
Sleeping ... zZz 3<br>
BCRS Web <-----> has been put into <-----> Proxy element for: DefaultElementLocator 'By.id: textSearch' and then cliked by Enter Key<br>
Sleeping ... zZz 3<br>
[[ChromeDriver: chrome on windows (6c9aef502b842c65965a2da5e2a0f60d)] -> id: cms-tos-reg]<---------> has been clicked<br>
Sleeping ... zZz 3<br>
[[ChromeDriver: chrome on windows (6c9aef502b842c65965a2da5e2a0f60d)] -> name: termsAndCondNext]<---------> is Enable<br>
[[ChromeDriver: chrome on windows (6c9aef502b842c65965a2da5e2a0f60d)] -> name: termsAndCondNext] ---> Actual text : Next. Expected text : Next<br>
[[ChromeDriver: chrome on windows (6c9aef502b842c65965a2da5e2a0f60d)] -> name: termsAndCondNext]<---------> has been clicked<br>
Sleeping ... zZz 5<br>
Current URL is : https://portal.cms.gov/portal/newuserregistration<br>
Actual Title is : CMS Enterprise Portal - New User Registration ---> And Expected Title is :CMS Enterprise Portal - New User Registration<br>
[[ChromeDriver: chrome on windows (6c9aef502b842c65965a2da5e2a0f60d)] -> id: cms-register-information] ---> Actual Header : Step #2: Register Your Information. Expected Header : Step #2: Register Your Information<br>
[[ChromeDriver: chrome on windows (6c9aef502b842c65965a2da5e2a0f60d)] -> xpath: //p[contains(text(), ' Step 2 of 3')]] ---> Actual Sub Header : Step 2 of 3 - Please enter your personal and contact information.. Expected SubHeader : Step 2 of 3 - Please enter your personal and contact information.<br>
Mohammad <-----> has been put into <-----> [[ChromeDriver: chrome on windows (6c9aef502b842c65965a2da5e2a0f60d)] -> id: cms-newuser-firstName]<br>
Tofael Kabir <-----> has been put into <-----> [[ChromeDriver: chrome on windows (6c9aef502b842c65965a2da5e2a0f60d)] -> id: cms-newuser-middleName]<br>
Sharkar <-----> has been put into <-----> [[ChromeDriver: chrome on windows (6c9aef502b842c65965a2da5e2a0f60d)] -> id: cms-newuser-lastName]<br>
Sleeping ... zZz 5<br>
SR has been selected from the dropdown of ---> [[ChromeDriver: chrome on windows (6c9aef502b842c65965a2da5e2a0f60d)] -> id: cms-newuser-nameSuffix]<br>
December has been selected from the dropdown of ---> [[ChromeDriver: chrome on windows (6c9aef502b842c65965a2da5e2a0f60d)] -> id: cms-newuser-birthMonth]<br>
31 has been selected from the dropdown of ---> [[ChromeDriver: chrome on windows (6c9aef502b842c65965a2da5e2a0f60d)] -> id: cms-newuser-birthDate]<br>
1990 has been selected from the dropdown of ---> [[ChromeDriver: chrome on windows (6c9aef502b842c65965a2da5e2a0f60d)] -> id: cms-newuser-birthYear]<br>
Sleeping ... zZz 5<br>
[[ChromeDriver: chrome on windows (6c9aef502b842c65965a2da5e2a0f60d)] -> xpath: //label[@class='check-radio']//parent::li[@class='cms-radio-item2']]<---------> has been clicked<br>
Sleeping ... zZz 5<br>
[[ChromeDriver: chrome on windows (6c9aef502b842c65965a2da5e2a0f60d)] -> xpath: //label[@class='check-radio']//parent::li[@class='cms-radio-item']]<---------> has been clicked<br>
Javascript Executor executing to view ...arguments[0].scrollIntoView(true); on the element of ---> [[ChromeDriver: chrome on windows (6c9aef502b842c65965a2da5e2a0f60d)] -> id: cms-newuser-homeAddressLine1]<br>
61E 97th St <-----> has been put into <-----> [[ChromeDriver: chrome on windows (6c9aef502b842c65965a2da5e2a0f60d)] -> id: cms-newuser-homeAddressLine1]<br>
Apt 4A <-----> has been put into <-----> [[ChromeDriver: chrome on windows (6c9aef502b842c65965a2da5e2a0f60d)] -> id: cms-newuser-usAddress2]<br>
New York <-----> has been put into <-----> [[ChromeDriver: chrome on windows (6c9aef502b842c65965a2da5e2a0f60d)] -> id: cms-newuser-usCity]<br>
New York has been selected from the dropdown of ---> [[ChromeDriver: chrome on windows (6c9aef502b842c65965a2da5e2a0f60d)] -> id: cms-newuser-usState]<br>
10029 <-----> has been put into <-----> [[ChromeDriver: chrome on windows (6c9aef502b842c65965a2da5e2a0f60d)] -> name: cms-newuser-zipcode]<br>
2123 <-----> has been put into <-----> [[ChromeDriver: chrome on windows (6c9aef502b842c65965a2da5e2a0f60d)] -> id: cms-newuser-usZipcodeExt]<br>
mtks483@gmail.com <-----> has been put into <-----> [[ChromeDriver: chrome on windows (6c9aef502b842c65965a2da5e2a0f60d)] -> id: cms-newuser-usEmail]<br>
mtks483@gmail.com <-----> has been put into <-----> [[ChromeDriver: chrome on windows (6c9aef502b842c65965a2da5e2a0f60d)] -> id: cms-newuser-usConfirmEmail]<br>
9293016028 <-----> has been put into <-----> [[ChromeDriver: chrome on windows (6c9aef502b842c65965a2da5e2a0f60d)] -> id: cms-newuser-usPhoneNumber]<br>
Sleeping ... zZz 5<br>
[[ChromeDriver: chrome on windows (6c9aef502b842c65965a2da5e2a0f60d)] -> id: step2NextButton]<---------> has been clicked<br>
Sleeping ... zZz 5<br>]]>
  </system-out>
</testsuite> <!-- pages.NewUserRegistrationTest -->
